<?xml version="1.0" encoding="UTF-8"?>
<!-- Generated by org.testng.reporters.JUnitReportReporter -->
<testsuite hostname="DESKTOP-VRBAL0D" failures="0" tests="1" name="com.excelr.testcases.DashboardPageTest" time="37.513" errors="0" timestamp="2024-03-30T11:00:33 IST" skipped="0">
  <testcase classname="com.excelr.testcases.DashboardPageTest" name="validateTimeWorkTest" time="37.513"/>
  <system-out/>
</testsuite> <!-- com.excelr.testcases.DashboardPageTest -->
